#
# There is insufficient memory for the Java Runtime Environment to continue.
# Native memory allocation (malloc) failed to allocate 2843696 bytes for Chunk::new
# Possible reasons:
#   The system is out of physical RAM or swap space
#   The process is running with CompressedOops enabled, and the Java Heap may be blocking the growth of the native heap
# Possible solutions:
#   Reduce memory load on the system
#   Increase physical memory or swap space
#   Check if swap backing store is full
#   Decrease Java heap size (-Xmx/-Xms)
#   Decrease number of Java threads
#   Decrease Java thread stack sizes (-Xss)
#   Set larger code cache with -XX:ReservedCodeCacheSize=
#   JVM is running with Unscaled Compressed Oops mode in which the Java heap is
#     placed in the first 4GB address space. The Java Heap base address is the
#     maximum limit for the native heap growth. Please use -XX:HeapBaseMinAddress
#     to set the Java Heap base and to place the Java Heap above 4GB virtual address.
# This output file may be truncated or incomplete.
#
#  Out of Memory Error (allocation.cpp:389), pid=13612, tid=0x0000000000001194
#
# JRE version: Java(TM) SE Runtime Environment (8.0_241-b07) (build 1.8.0_241-b07)
# Java VM: Java HotSpot(TM) 64-Bit Server VM (25.241-b07 mixed mode windows-amd64 compressed oops)
# Failed to write core dump. Minidumps are not enabled by default on client versions of Windows
#

---------------  T H R E A D  ---------------

Current thread (0x0000000014425800):  JavaThread "C2 CompilerThread1" daemon [_thread_in_native, id=4500, stack(0x0000000015b20000,0x0000000015c20000)]

Stack: [0x0000000015b20000,0x0000000015c20000]
[error occurred during error reporting (printing stack bounds), id 0xc0000005]

Native frames: (J=compiled Java code, j=interpreted, Vv=VM code, C=native code)


Current CompileTask:
C2:  11515 1501       4       java.net.URLClassLoader$1::run (5 bytes)


---------------  P R O C E S S  ---------------

Java Threads: ( => current thread )
  0x0000000018f6b000 JavaThread "File lock request listener" [_thread_in_native, id=15300, stack(0x000000001b010000,0x000000001b110000)]
  0x0000000018f68800 JavaThread "Cache worker for journal cache (C:\Users\ASUS\.gradle\caches\journal-1)" [_thread_blocked, id=8136, stack(0x000000001af10000,0x000000001b010000)]
  0x0000000016bf4000 JavaThread "Daemon client event forwarder" [_thread_blocked, id=9240, stack(0x0000000018c70000,0x0000000018d70000)]
  0x0000000017356800 JavaThread "Stdin handler" [_thread_blocked, id=12884, stack(0x0000000018b70000,0x0000000018c70000)]
  0x0000000017355800 JavaThread "Asynchronous log dispatcher for DefaultDaemonConnection: socket connection from /127.0.0.1:51271 to /127.0.0.1:51278" [_thread_blocked, id=15104, stack(0x0000000018a70000,0x0000000018b70000)]
  0x0000000016bb2000 JavaThread "Daemon worker" [_thread_in_vm, id=13784, stack(0x0000000018970000,0x0000000018a70000)]
  0x0000000016bb1000 JavaThread "Cancel handler" [_thread_blocked, id=11308, stack(0x0000000018870000,0x0000000018970000)]
  0x0000000016bad800 JavaThread "Handler for socket connection from /127.0.0.1:51271 to /127.0.0.1:51278" [_thread_in_native, id=7364, stack(0x0000000018770000,0x0000000018870000)]
  0x0000000016baa800 JavaThread "Daemon" [_thread_blocked, id=14636, stack(0x0000000018670000,0x0000000018770000)]
  0x000000001781b000 JavaThread "Daemon periodic checks" [_thread_blocked, id=14416, stack(0x0000000018370000,0x0000000018470000)]
  0x000000001713d800 JavaThread "Incoming local TCP Connector on port 51271" [_thread_in_native, id=15116, stack(0x0000000018130000,0x0000000018230000)]
  0x00000000175c9000 JavaThread "Daemon health stats" [_thread_blocked, id=7224, stack(0x0000000017cf0000,0x0000000017df0000)]
  0x0000000015d30800 JavaThread "Service Thread" daemon [_thread_blocked, id=3792, stack(0x0000000016120000,0x0000000016220000)]
  0x0000000014429000 JavaThread "C1 CompilerThread2" daemon [_thread_blocked, id=5888, stack(0x0000000015c20000,0x0000000015d20000)]
=>0x0000000014425800 JavaThread "C2 CompilerThread1" daemon [_thread_in_native, id=4500, stack(0x0000000015b20000,0x0000000015c20000)]
  0x00000000143d2800 JavaThread "C2 CompilerThread0" daemon [_thread_in_native, id=396, stack(0x0000000015a20000,0x0000000015b20000)]
  0x00000000143d7000 JavaThread "Attach Listener" daemon [_thread_blocked, id=14552, stack(0x0000000015920000,0x0000000015a20000)]
  0x00000000143d5800 JavaThread "Signal Dispatcher" daemon [_thread_blocked, id=3900, stack(0x0000000015820000,0x0000000015920000)]
  0x0000000002fa5000 JavaThread "Finalizer" daemon [_thread_blocked, id=8368, stack(0x0000000015620000,0x0000000015720000)]
  0x0000000002fa1800 JavaThread "Reference Handler" daemon [_thread_blocked, id=744, stack(0x0000000015520000,0x0000000015620000)]
  0x000000000150e000 JavaThread "main" [_thread_blocked, id=14496, stack(0x0000000002d60000,0x0000000002e60000)]

Other Threads:
  0x0000000014397800 VMThread [stack: 0x0000000015420000,0x0000000015520000] [id=13860]
  0x0000000015d32000 WatcherThread [stack: 0x0000000016220000,0x0000000016320000] [id=10844]

VM state:not at safepoint (normal execution)

VM Mutex/Monitor currently owned by a thread: None

heap address: 0x00000000e0000000, size: 512 MB, Compressed Oops mode: 32-bit
Narrow klass base: 0x0000000000000000, Narrow klass shift: 3
Compressed class space size: 1073741824 Address: 0x0000000100000000

Heap:
 PSYoungGen      total 76288K, used 41837K [0x00000000f5580000, 0x00000000faa80000, 0x0000000100000000)
  eden space 65536K, 50% used [0x00000000f5580000,0x00000000f75b9cc0,0x00000000f9580000)
  from space 10752K, 82% used [0x00000000fa000000,0x00000000fa8a18a8,0x00000000faa80000)
  to   space 10752K, 0% used [0x00000000f9580000,0x00000000f9580000,0x00000000fa000000)
 ParOldGen       total 175104K, used 24K [0x00000000e0000000, 0x00000000eab00000, 0x00000000f5580000)
  object space 175104K, 0% used [0x00000000e0000000,0x00000000e0006000,0x00000000eab00000)
 Metaspace       used 15497K, capacity 15914K, committed 16128K, reserved 1062912K
  class space    used 2197K, capacity 2303K, committed 2304K, reserved 1048576K

Card table byte_map: [0x0000000012370000,0x0000000012480000] byte_map_base: 0x0000000011c70000

Marking Bits: (ParMarkBitMap*) 0x000000005511be30
 Begin Bits: [0x0000000012930000, 0x0000000013130000)
 End Bits:   [0x0000000013130000, 0x0000000013930000)

Polling page: 0x00000000014d0000

CodeCache: size=245760Kb used=4934Kb max_used=5381Kb free=240825Kb
 bounds [0x0000000002fb0000, 0x0000000003510000, 0x0000000011fb0000]
 total_blobs=1807 nmethods=1396 adapters=323
 compilation: enabled

Compilation events (10 events):
Event: 11.347 Thread 0x0000000014429000 1544       3       sun.misc.ProxyGenerator$ExceptionTableEntry::<init> (26 bytes)
Event: 11.347 Thread 0x0000000014429000 nmethod 1544 0x00000000031fb4d0 code [0x00000000031fb620, 0x00000000031fb7d0]
Event: 11.350 Thread 0x0000000014429000 1545       3       org.gradle.internal.service.DefaultServiceRegistry::assertValidServiceType (51 bytes)
Event: 11.351 Thread 0x0000000014429000 nmethod 1545 0x0000000003156490 code [0x0000000003156660, 0x0000000003156d68]
Event: 11.351 Thread 0x0000000014429000 1546       1       java.util.Collections$EmptyList::isEmpty (2 bytes)
Event: 11.351 Thread 0x0000000014429000 nmethod 1546 0x00000000031fb210 code [0x00000000031fb360, 0x00000000031fb470]
Event: 11.351 Thread 0x0000000014429000 1547       3       org.gradle.internal.service.DefaultServiceRegistry$OwnServices::getProviders (26 bytes)
Event: 11.351 Thread 0x0000000014429000 nmethod 1547 0x000000000316aa50 code [0x000000000316abe0, 0x000000000316afa8]
Event: 11.361 Thread 0x0000000014429000 1548       3       jdk.internal.org.objectweb.asm.MethodWriter::visitAnnotation (82 bytes)
Event: 11.362 Thread 0x0000000014429000 nmethod 1548 0x000000000313a890 code [0x000000000313aa60, 0x000000000313b138]

GC Heap History (4 events):
Event: 5.035 GC heap before
{Heap before GC invocations=1 (full 0):
 PSYoungGen      total 76288K, used 65536K [0x00000000f5580000, 0x00000000faa80000, 0x0000000100000000)
  eden space 65536K, 100% used [0x00000000f5580000,0x00000000f9580000,0x00000000f9580000)
  from space 10752K, 0% used [0x00000000fa000000,0x00000000fa000000,0x00000000faa80000)
  to   space 10752K, 0% used [0x00000000f9580000,0x00000000f9580000,0x00000000fa000000)
 ParOldGen       total 175104K, used 0K [0x00000000e0000000, 0x00000000eab00000, 0x00000000f5580000)
  object space 175104K, 0% used [0x00000000e0000000,0x00000000e0000000,0x00000000eab00000)
 Metaspace       used 7534K, capacity 7744K, committed 8064K, reserved 1056768K
  class space    used 947K, capacity 1054K, committed 1152K, reserved 1048576K
Event: 5.066 GC heap after
Heap after GC invocations=1 (full 0):
 PSYoungGen      total 76288K, used 5939K [0x00000000f5580000, 0x00000000faa80000, 0x0000000100000000)
  eden space 65536K, 0% used [0x00000000f5580000,0x00000000f5580000,0x00000000f9580000)
  from space 10752K, 55% used [0x00000000f9580000,0x00000000f9b4ce70,0x00000000fa000000)
  to   space 10752K, 0% used [0x00000000fa000000,0x00000000fa000000,0x00000000faa80000)
 ParOldGen       total 175104K, used 16K [0x00000000e0000000, 0x00000000eab00000, 0x00000000f5580000)
  object space 175104K, 0% used [0x00000000e0000000,0x00000000e0004000,0x00000000eab00000)
 Metaspace       used 7534K, capacity 7744K, committed 8064K, reserved 1056768K
  class space    used 947K, capacity 1054K, committed 1152K, reserved 1048576K
}
Event: 10.576 GC heap before
{Heap before GC invocations=2 (full 0):
 PSYoungGen      total 76288K, used 71475K [0x00000000f5580000, 0x00000000faa80000, 0x0000000100000000)
  eden space 65536K, 100% used [0x00000000f5580000,0x00000000f9580000,0x00000000f9580000)
  from space 10752K, 55% used [0x00000000f9580000,0x00000000f9b4ce70,0x00000000fa000000)
  to   space 10752K, 0% used [0x00000000fa000000,0x00000000fa000000,0x00000000faa80000)
 ParOldGen       total 175104K, used 16K [0x00000000e0000000, 0x00000000eab00000, 0x00000000f5580000)
  object space 175104K, 0% used [0x00000000e0000000,0x00000000e0004000,0x00000000eab00000)
 Metaspace       used 13345K, capacity 13734K, committed 13824K, reserved 1060864K
  class space    used 1856K, capacity 1993K, committed 2048K, reserved 1048576K
Event: 10.589 GC heap after
Heap after GC invocations=2 (full 0):
 PSYoungGen      total 76288K, used 8838K [0x00000000f5580000, 0x00000000faa80000, 0x0000000100000000)
  eden space 65536K, 0% used [0x00000000f5580000,0x00000000f5580000,0x00000000f9580000)
  from space 10752K, 82% used [0x00000000fa000000,0x00000000fa8a18a8,0x00000000faa80000)
  to   space 10752K, 0% used [0x00000000f9580000,0x00000000f9580000,0x00000000fa000000)
 ParOldGen       total 175104K, used 24K [0x00000000e0000000, 0x00000000eab00000, 0x00000000f5580000)
  object space 175104K, 0% used [0x00000000e0000000,0x00000000e0006000,0x00000000eab00000)
 Metaspace       used 13345K, capacity 13734K, committed 13824K, reserved 1060864K
  class space    used 1856K, capacity 1993K, committed 2048K, reserved 1048576K
}

Deoptimization events (10 events):
Event: 6.307 Thread 0x000000000150e000 Uncommon trap: reason=unstable_if action=reinterpret pc=0x000000000335d0c8 method=java.util.Properties$LineReader.readLine()I @ 323
Event: 6.307 Thread 0x000000000150e000 Uncommon trap: reason=unstable_if action=reinterpret pc=0x00000000033461f0 method=java.util.Properties.loadConvert([CII[C)Ljava/lang/String; @ 57
Event: 6.308 Thread 0x000000000150e000 Uncommon trap: reason=class_check action=maybe_recompile pc=0x000000000333b104 method=java.util.regex.Matcher.match(II)Z @ 86
Event: 6.426 Thread 0x000000000150e000 Uncommon trap: reason=unstable_if action=reinterpret pc=0x00000000033261b0 method=java.util.LinkedHashMap.afterNodeInsertion(Z)V @ 1
Event: 6.428 Thread 0x000000000150e000 Uncommon trap: reason=unstable_if action=reinterpret pc=0x000000000322f134 method=java.util.HashMap.getNode(ILjava/lang/Object;)Ljava/util/HashMap$Node; @ 129
Event: 6.428 Thread 0x000000000150e000 Uncommon trap: reason=bimorphic action=maybe_recompile pc=0x00000000033c2b30 method=java.util.HashMap.putVal(ILjava/lang/Object;Ljava/lang/Object;ZZ)Ljava/lang/Object; @ 203
Event: 6.448 Thread 0x000000000150e000 Uncommon trap: reason=unstable_if action=reinterpret pc=0x0000000003209904 method=java.util.HashMap.getNode(ILjava/lang/Object;)Ljava/util/HashMap$Node; @ 129
Event: 6.448 Thread 0x000000000150e000 Uncommon trap: reason=bimorphic action=maybe_recompile pc=0x00000000033c2b30 method=java.util.HashMap.putVal(ILjava/lang/Object;Ljava/lang/Object;ZZ)Ljava/lang/Object; @ 203
Event: 7.048 Thread 0x000000000150e000 Uncommon trap: reason=unstable_if action=reinterpret pc=0x00000000032ef614 method=java.io.WinNTFileSystem.normalize(Ljava/lang/String;)Ljava/lang/String; @ 128
Event: 11.352 Thread 0x0000000016bb2000 Uncommon trap: reason=class_check action=maybe_recompile pc=0x000000000333b104 method=java.util.regex.Matcher.match(II)Z @ 86

Classes redefined (0 events):
No events

Internal exceptions (10 events):
Event: 3.111 Thread 0x000000000150e000 Exception <a 'java/lang/ArrayIndexOutOfBoundsException'> (0x00000000f6d78ca8) thrown at [C:\ade\jenkins\workspace\8-2-build-windows-amd64-cygwin\jdk8u241\331\hotspot\src\share\vm\runtime\sharedRuntime.cpp, line 605]
Event: 3.112 Thread 0x000000000150e000 Exception <a 'java/lang/ArrayIndexOutOfBoundsException'> (0x00000000f6d7d2b8) thrown at [C:\ade\jenkins\workspace\8-2-build-windows-amd64-cygwin\jdk8u241\331\hotspot\src\share\vm\runtime\sharedRuntime.cpp, line 605]
Event: 3.112 Thread 0x000000000150e000 Exception <a 'java/lang/ArrayIndexOutOfBoundsException'> (0x00000000f6d7f3e0) thrown at [C:\ade\jenkins\workspace\8-2-build-windows-amd64-cygwin\jdk8u241\331\hotspot\src\share\vm\runtime\sharedRuntime.cpp, line 605]
Event: 3.180 Thread 0x000000000150e000 Exception <a 'java/lang/ArrayIndexOutOfBoundsException'> (0x00000000f70f7c58) thrown at [C:\ade\jenkins\workspace\8-2-build-windows-amd64-cygwin\jdk8u241\331\hotspot\src\share\vm\runtime\sharedRuntime.cpp, line 605]
Event: 3.180 Thread 0x000000000150e000 Exception <a 'java/lang/ArrayIndexOutOfBoundsException'> (0x00000000f710b188) thrown at [C:\ade\jenkins\workspace\8-2-build-windows-amd64-cygwin\jdk8u241\331\hotspot\src\share\vm\runtime\sharedRuntime.cpp, line 605]
Event: 3.180 Thread 0x000000000150e000 Exception <a 'java/lang/ArrayIndexOutOfBoundsException'> (0x00000000f710dda0) thrown at [C:\ade\jenkins\workspace\8-2-build-windows-amd64-cygwin\jdk8u241\331\hotspot\src\share\vm\runtime\sharedRuntime.cpp, line 605]
Event: 3.181 Thread 0x000000000150e000 Exception <a 'java/lang/ArrayIndexOutOfBoundsException'> (0x00000000f711fa18) thrown at [C:\ade\jenkins\workspace\8-2-build-windows-amd64-cygwin\jdk8u241\331\hotspot\src\share\vm\runtime\sharedRuntime.cpp, line 605]
Event: 6.610 Thread 0x000000000150e000 Exception <a 'java/lang/NoSuchMethodError': java.lang.Object.lambda$get$0(Ljava/util/function/Supplier;Ljava/lang/Object;)Ljava/lang/Object;> (0x00000000f7b1d828) thrown at [C:\ade\jenkins\workspace\8-2-build-windows-amd64-cygwin\jdk8u241\331\hotspot\src\
Event: 8.592 Thread 0x000000000150e000 Exception <a 'java/io/IOException'> (0x00000000f7f86338) thrown at [C:\ade\jenkins\workspace\8-2-build-windows-amd64-cygwin\jdk8u241\331\hotspot\src\share\vm\prims\jni.cpp, line 710]
Event: 10.698 Thread 0x0000000016bb2000 Exception <a 'java/lang/NoSuchMethodError': java.lang.Object.lambda$static$0(Lorg/gradle/internal/state/ModelObject;)Ljava/lang/String;> (0x00000000f59b6c48) thrown at [C:\ade\jenkins\workspace\8-2-build-windows-amd64-cygwin\jdk8u241\331\hotspot\src\share

Events (10 events):
Event: 11.360 loading class org/gradle/cache/MultiProcessSafePersistentIndexedCache
Event: 11.360 loading class org/gradle/cache/MultiProcessSafePersistentIndexedCache done
Event: 11.360 loading class org/gradle/cache/UnitOfWorkParticipant
Event: 11.360 loading class org/gradle/cache/UnitOfWorkParticipant done
Event: 11.363 loading class org/gradle/cache/internal/DefaultPersistentDirectoryStore$2
Event: 11.363 loading class org/gradle/cache/internal/DefaultPersistentDirectoryStore$2 done
Event: 11.363 loading class org/gradle/cache/internal/DefaultPersistentDirectoryStore$1
Event: 11.363 loading class org/gradle/cache/internal/DefaultPersistentDirectoryStore$1 done
Event: 11.363 loading class org/gradle/cache/internal/DefaultPersistentDirectoryStore$Cleanup
Event: 11.363 loading class org/gradle/cache/internal/DefaultPersistentDirectoryStore$Cleanup done


Dynamic libraries:
0x00007ff780a70000 - 0x00007ff780aa7000 	C:\Program Files\Java\jdk1.8.0_241\bin\java.exe
0x00007ff82ead0000 - 0x00007ff82ecc5000 	C:\WINDOWS\SYSTEM32\ntdll.dll
0x00007ff82df30000 - 0x00007ff82dfee000 	C:\WINDOWS\System32\KERNEL32.DLL
0x00007ff82c3f0000 - 0x00007ff82c6b8000 	C:\WINDOWS\System32\KERNELBASE.dll
0x00007ff82dff0000 - 0x00007ff82e09e000 	C:\WINDOWS\System32\ADVAPI32.dll
0x00007ff82d240000 - 0x00007ff82d2de000 	C:\WINDOWS\System32\msvcrt.dll
0x00007ff82d120000 - 0x00007ff82d1bc000 	C:\WINDOWS\System32\sechost.dll
0x00007ff82cea0000 - 0x00007ff82cfc5000 	C:\WINDOWS\System32\RPCRT4.dll
0x00007ff82cd00000 - 0x00007ff82cea0000 	C:\WINDOWS\System32\USER32.dll
0x00007ff82ca00000 - 0x00007ff82ca22000 	C:\WINDOWS\System32\win32u.dll
0x00007ff82dcf0000 - 0x00007ff82dd1b000 	C:\WINDOWS\System32\GDI32.dll
0x00007ff82c880000 - 0x00007ff82c98b000 	C:\WINDOWS\System32\gdi32full.dll
0x00007ff82c1f0000 - 0x00007ff82c28d000 	C:\WINDOWS\System32\msvcp_win.dll
0x00007ff82ca30000 - 0x00007ff82cb30000 	C:\WINDOWS\System32\ucrtbase.dll
0x00007ff811e30000 - 0x00007ff8120ca000 	C:\WINDOWS\WinSxS\amd64_microsoft.windows.common-controls_6595b64144ccf1df_6.0.19041.1110_none_60b5254171f9507e\COMCTL32.dll
0x00007ff82cc60000 - 0x00007ff82cc90000 	C:\WINDOWS\System32\IMM32.DLL
0x00000000551a0000 - 0x0000000055272000 	C:\Program Files\Java\jdk1.8.0_241\jre\bin\msvcr100.dll
0x00000000548f0000 - 0x000000005519c000 	C:\Program Files\Java\jdk1.8.0_241\jre\bin\server\jvm.dll
0x00007ff82d220000 - 0x00007ff82d228000 	C:\WINDOWS\System32\PSAPI.DLL
0x00007ff81a020000 - 0x00007ff81a029000 	C:\WINDOWS\SYSTEM32\WSOCK32.dll
0x00007ff82cc90000 - 0x00007ff82ccfb000 	C:\WINDOWS\System32\WS2_32.dll
0x00007ff8189e0000 - 0x00007ff818a07000 	C:\WINDOWS\SYSTEM32\WINMM.dll
0x00007ff822450000 - 0x00007ff82245a000 	C:\WINDOWS\SYSTEM32\VERSION.dll
0x00007ff80f980000 - 0x00007ff80f98f000 	C:\Program Files\Java\jdk1.8.0_241\jre\bin\verify.dll
0x00007ffff4ec0000 - 0x00007ffff4ee9000 	C:\Program Files\Java\jdk1.8.0_241\jre\bin\java.dll
0x00007ffffbc80000 - 0x00007ffffbc96000 	C:\Program Files\Java\jdk1.8.0_241\jre\bin\zip.dll
0x00007ff82d2e0000 - 0x00007ff82da24000 	C:\WINDOWS\System32\SHELL32.dll
0x00007ff82a190000 - 0x00007ff82a924000 	C:\WINDOWS\SYSTEM32\windows.storage.dll
0x00007ff82e5d0000 - 0x00007ff82e924000 	C:\WINDOWS\System32\combase.dll
0x00007ff82bb80000 - 0x00007ff82bbac000 	C:\WINDOWS\SYSTEM32\Wldp.dll
0x00007ff82dd20000 - 0x00007ff82ddcd000 	C:\WINDOWS\System32\SHCORE.dll
0x00007ff82e570000 - 0x00007ff82e5c5000 	C:\WINDOWS\System32\shlwapi.dll
0x00007ff82c130000 - 0x00007ff82c14f000 	C:\WINDOWS\SYSTEM32\profapi.dll
0x00007ffffa400000 - 0x00007ffffa41a000 	C:\Program Files\Java\jdk1.8.0_241\jre\bin\net.dll
0x00007ff82b8e0000 - 0x00007ff82b94a000 	C:\WINDOWS\system32\mswsock.dll
0x00007ffff5000000 - 0x00007ffff5012000 	C:\Program Files\Java\jdk1.8.0_241\jre\bin\nio.dll
0x00007ff809310000 - 0x00007ff809337000 	C:\Users\ASUS\.gradle\native\e1d6ef7f7dcc3fd88c89a11ec53ec762bb8ba0a96d01ffa2cd45eb1d1d8dd5c5\windows-amd64\native-platform.dll
0x00007ffff4d30000 - 0x00007ffff4e74000 	C:\Users\ASUS\.gradle\native\0d407fdbe67a94daf76414ababcb853783967236a71b16ec16e742cd7a986fd3\windows-amd64\native-platform-file-events.dll
0x00007ff809970000 - 0x00007ff80997d000 	C:\Program Files\Java\jdk1.8.0_241\jre\bin\management.dll
0x00007ff82bad0000 - 0x00007ff82bae8000 	C:\WINDOWS\SYSTEM32\CRYPTSP.dll
0x00007ff82b260000 - 0x00007ff82b294000 	C:\WINDOWS\system32\rsaenh.dll
0x00007ff82c6c0000 - 0x00007ff82c6e7000 	C:\WINDOWS\System32\bcrypt.dll
0x00007ff82c0f0000 - 0x00007ff82c11e000 	C:\WINDOWS\SYSTEM32\USERENV.dll
0x00007ff82c7f0000 - 0x00007ff82c872000 	C:\WINDOWS\System32\bcryptprimitives.dll
0x00007ff82baf0000 - 0x00007ff82bafc000 	C:\WINDOWS\SYSTEM32\CRYPTBASE.dll
0x00007ff82b5d0000 - 0x00007ff82b60b000 	C:\WINDOWS\SYSTEM32\IPHLPAPI.DLL
0x00007ff82cc50000 - 0x00007ff82cc58000 	C:\WINDOWS\System32\NSI.dll
0x00007ff823c30000 - 0x00007ff823c47000 	C:\WINDOWS\SYSTEM32\dhcpcsvc6.DLL
0x00007ff824ec0000 - 0x00007ff824edd000 	C:\WINDOWS\SYSTEM32\dhcpcsvc.DLL
0x00007ff82b610000 - 0x00007ff82b6da000 	C:\WINDOWS\SYSTEM32\DNSAPI.dll

VM Arguments:
jvm_args: -XX:MaxMetaspaceSize=256m -XX:+HeapDumpOnOutOfMemoryError -Xms256m -Xmx512m -Dfile.encoding=windows-1252 -Duser.country=US -Duser.language=en -Duser.variant 
java_command: org.gradle.launcher.daemon.bootstrap.GradleDaemon 7.4.1
java_class_path (initial): C:\Users\ASUS\.gradle\wrapper\dists\gradle-7.4.1-all\htb4l60oox3i12rnwfoqoo8d\gradle-7.4.1\lib\gradle-launcher-7.4.1.jar
Launcher Type: SUN_STANDARD

Environment Variables:
PATH=C:\Program Files (x86)\Common Files\Oracle\Java\javapath;C:\Program Files (x86)\Common Files\Intel\Shared Libraries\redist\intel64\compiler;C:\WINDOWS\system32;C:\WINDOWS;C:\WINDOWS\System32\Wbem;C:\WINDOWS\System32\WindowsPowerShell\v1.0\;C:\WINDOWS\System32\OpenSSH\;C:\Program Files\Intel\WiFi\bin\;C:\Program Files\Common Files\Intel\WirelessCommon\;C:\Program Files\Git\cmd;C:\Users\ASUS\AppData\Local\Programs\Python\Python39\Scripts\;C:\Users\ASUS\AppData\Local\Programs\Python\Python39\;C:\Users\ASUS\AppData\Local\Microsoft\WindowsApps;C:\Program Files\Intel\WiFi\bin\;C:\Program Files\Common Files\Intel\WirelessCommon\;C:\Users\ASUS\AppData\Local\Programs\Microsoft VS Code\bin;C:\Users\ASUS\AppData\Local\GitHubDesktop\bin
USERNAME=ASUS
OS=Windows_NT
PROCESSOR_IDENTIFIER=Intel64 Family 6 Model 142 Stepping 9, GenuineIntel



---------------  S Y S T E M  ---------------

OS: Windows 10.0 , 64 bit Build 19041 (10.0.19041.1566)

CPU:total 4 (initial active 4) (2 cores per cpu, 2 threads per core) family 6 model 142 stepping 9, cmov, cx8, fxsr, mmx, sse, sse2, sse3, ssse3, sse4.1, sse4.2, popcnt, avx, avx2, aes, clmul, erms, 3dnowpref, lzcnt, ht, tsc, tscinvbit, bmi1, bmi2, adx

Memory: 4k page, physical 8269176k(909408k free), swap 12463480k(5280k free)

vm_info: Java HotSpot(TM) 64-Bit Server VM (25.241-b07) for windows-amd64 JRE (1.8.0_241-b07), built on Dec 11 2019 10:21:40 by "rejava" with MS VC++ 10.0 (VS2010)

time: Sun May 22 17:02:55 2022
timezone: SE Asia Standard Time
elapsed time: 11 seconds (0d 0h 0m 11s)

