#
# There is insufficient memory for the Java Runtime Environment to continue.
# Native memory allocation (malloc) failed to allocate 32744 bytes for ChunkPool::allocate
# Possible reasons:
#   The system is out of physical RAM or swap space
#   The process is running with CompressedOops enabled, and the Java Heap may be blocking the growth of the native heap
# Possible solutions:
#   Reduce memory load on the system
#   Increase physical memory or swap space
#   Check if swap backing store is full
#   Decrease Java heap size (-Xmx/-Xms)
#   Decrease number of Java threads
#   Decrease Java thread stack sizes (-Xss)
#   Set larger code cache with -XX:ReservedCodeCacheSize=
#   JVM is running with Unscaled Compressed Oops mode in which the Java heap is
#     placed in the first 4GB address space. The Java Heap base address is the
#     maximum limit for the native heap growth. Please use -XX:HeapBaseMinAddress
#     to set the Java Heap base and to place the Java Heap above 4GB virtual address.
# This output file may be truncated or incomplete.
#
#  Out of Memory Error (allocation.cpp:272), pid=11148, tid=0x0000000000003a34
#
# JRE version: Java(TM) SE Runtime Environment (8.0_241-b07) (build 1.8.0_241-b07)
# Java VM: Java HotSpot(TM) 64-Bit Server VM (25.241-b07 mixed mode windows-amd64 compressed oops)
# Failed to write core dump. Minidumps are not enabled by default on client versions of Windows
#

---------------  T H R E A D  ---------------

Current thread (0x0000000013f9b000):  JavaThread "C2 CompilerThread1" daemon [_thread_in_native, id=14900, stack(0x00000000156f0000,0x00000000157f0000)]

Stack: [0x00000000156f0000,0x00000000157f0000]
[error occurred during error reporting (printing stack bounds), id 0xc0000005]

Native frames: (J=compiled Java code, j=interpreted, Vv=VM code, C=native code)


Current CompileTask:
C2:  11139 1554       4       java.net.URLClassLoader$1::run (5 bytes)


---------------  P R O C E S S  ---------------

Java Threads: ( => current thread )
  0x0000000016313000 JavaThread "File lock request listener" [_thread_in_native, id=9620, stack(0x0000000019c10000,0x0000000019d10000)]
  0x000000001630f800 JavaThread "Cache worker for journal cache (C:\Users\ASUS\.gradle\caches\journal-1)" [_thread_blocked, id=7804, stack(0x0000000019b10000,0x0000000019c10000)]
  0x0000000017532800 JavaThread "Daemon client event forwarder" [_thread_blocked, id=11540, stack(0x0000000018840000,0x0000000018940000)]
  0x0000000016bcd000 JavaThread "Stdin handler" [_thread_blocked, id=9988, stack(0x0000000018740000,0x0000000018840000)]
  0x0000000016bcc800 JavaThread "Asynchronous log dispatcher for DefaultDaemonConnection: socket connection from /127.0.0.1:51274 to /127.0.0.1:51275" [_thread_blocked, id=10636, stack(0x0000000018640000,0x0000000018740000)]
  0x000000001752d000 JavaThread "Daemon worker" [_thread_blocked, id=14676, stack(0x0000000018540000,0x0000000018640000)]
  0x0000000016f71800 JavaThread "Cancel handler" [_thread_blocked, id=14516, stack(0x0000000018440000,0x0000000018540000)]
  0x0000000016dff000 JavaThread "Handler for socket connection from /127.0.0.1:51274 to /127.0.0.1:51275" [_thread_in_native, id=8696, stack(0x0000000018340000,0x0000000018440000)]
  0x0000000016dfb000 JavaThread "Daemon" [_thread_blocked, id=9536, stack(0x0000000018240000,0x0000000018340000)]
  0x0000000017420000 JavaThread "Daemon periodic checks" [_thread_blocked, id=6568, stack(0x0000000017f40000,0x0000000018040000)]
  0x000000001741a800 JavaThread "Incoming local TCP Connector on port 51274" [_thread_in_native, id=10088, stack(0x0000000017d00000,0x0000000017e00000)]
  0x0000000016dd9800 JavaThread "Daemon health stats" [_thread_blocked, id=1700, stack(0x00000000178c0000,0x00000000179c0000)]
  0x0000000013fed800 JavaThread "Service Thread" daemon [_thread_blocked, id=14800, stack(0x0000000015cf0000,0x0000000015df0000)]
  0x00000000157f8800 JavaThread "C1 CompilerThread2" daemon [_thread_blocked, id=14584, stack(0x0000000015bf0000,0x0000000015cf0000)]
=>0x0000000013f9b000 JavaThread "C2 CompilerThread1" daemon [_thread_in_native, id=14900, stack(0x00000000156f0000,0x00000000157f0000)]
  0x0000000013f96000 JavaThread "C2 CompilerThread0" daemon [_thread_in_native, id=8256, stack(0x00000000155f0000,0x00000000156f0000)]
  0x0000000013f93000 JavaThread "Attach Listener" daemon [_thread_blocked, id=14356, stack(0x00000000154f0000,0x00000000155f0000)]
  0x0000000013f92000 JavaThread "Signal Dispatcher" daemon [_thread_blocked, id=13828, stack(0x00000000153f0000,0x00000000154f0000)]
  0x0000000002c15000 JavaThread "Finalizer" daemon [_thread_blocked, id=7832, stack(0x00000000151f0000,0x00000000152f0000)]
  0x0000000002c11800 JavaThread "Reference Handler" daemon [_thread_blocked, id=12920, stack(0x00000000150f0000,0x00000000151f0000)]
  0x0000000002b1e000 JavaThread "main" [_thread_blocked, id=14892, stack(0x0000000002940000,0x0000000002a40000)]

Other Threads:
  0x0000000013f57800 VMThread [stack: 0x0000000014ff0000,0x00000000150f0000] [id=528]
  0x0000000015819000 WatcherThread [stack: 0x0000000015df0000,0x0000000015ef0000] [id=8928]

VM state:not at safepoint (normal execution)

VM Mutex/Monitor currently owned by a thread: None

heap address: 0x00000000e0000000, size: 512 MB, Compressed Oops mode: 32-bit
Narrow klass base: 0x0000000000000000, Narrow klass shift: 3
Compressed class space size: 1073741824 Address: 0x0000000100000000

Heap:
 PSYoungGen      total 76288K, used 39483K [0x00000000f5580000, 0x00000000faa80000, 0x0000000100000000)
  eden space 65536K, 46% used [0x00000000f5580000,0x00000000f737acb8,0x00000000f9580000)
  from space 10752K, 81% used [0x00000000fa000000,0x00000000fa894038,0x00000000faa80000)
  to   space 10752K, 0% used [0x00000000f9580000,0x00000000f9580000,0x00000000fa000000)
 ParOldGen       total 175104K, used 24K [0x00000000e0000000, 0x00000000eab00000, 0x00000000f5580000)
  object space 175104K, 0% used [0x00000000e0000000,0x00000000e0006000,0x00000000eab00000)
 Metaspace       used 15142K, capacity 15576K, committed 15616K, reserved 1062912K
  class space    used 2162K, capacity 2300K, committed 2304K, reserved 1048576K

Card table byte_map: [0x0000000011fe0000,0x00000000120f0000] byte_map_base: 0x00000000118e0000

Marking Bits: (ParMarkBitMap*) 0x000000005511be30
 Begin Bits: [0x00000000124f0000, 0x0000000012cf0000)
 End Bits:   [0x0000000012cf0000, 0x00000000134f0000)

Polling page: 0x0000000000f70000

CodeCache: size=245760Kb used=5130Kb max_used=5440Kb free=240629Kb
 bounds [0x0000000002c20000, 0x0000000003180000, 0x0000000011c20000]
 total_blobs=1827 nmethods=1418 adapters=321
 compilation: enabled

Compilation events (10 events):
Event: 10.733 Thread 0x00000000157f8800 1548       3       jdk.internal.org.objectweb.asm.MethodWriter::<init> (268 bytes)
Event: 10.734 Thread 0x00000000157f8800 nmethod 1548 0x0000000002da5d50 code [0x0000000002da5f80, 0x0000000002da6c68]
Event: 10.734 Thread 0x00000000157f8800 1549       3       jdk.internal.org.objectweb.asm.MethodWriter::visitMaxs (1159 bytes)
Event: 10.738 Thread 0x00000000157f8800 nmethod 1549 0x0000000002e6b1d0 code [0x0000000002e6b680, 0x0000000002e6dcb8]
Event: 10.738 Thread 0x00000000157f8800 1547       3       jdk.internal.org.objectweb.asm.ClassWriter::visitMethod (24 bytes)
Event: 10.738 Thread 0x00000000157f8800 nmethod 1547 0x0000000002fbf010 code [0x0000000002fbf180, 0x0000000002fbf3c8]
Event: 10.738 Thread 0x00000000157f8800 1550       3       sun.invoke.util.Wrapper::forPrimitiveType (49 bytes)
Event: 10.739 Thread 0x00000000157f8800 nmethod 1550 0x0000000002e05350 code [0x0000000002e055e0, 0x0000000002e06798]
Event: 10.745 Thread 0x0000000013f9b000 1554       4       java.net.URLClassLoader$1::run (5 bytes)
Event: 10.745 Thread 0x0000000013f96000 1555   !   4       java.net.URLClassLoader$1::run (63 bytes)

GC Heap History (4 events):
Event: 5.761 GC heap before
{Heap before GC invocations=1 (full 0):
 PSYoungGen      total 76288K, used 65536K [0x00000000f5580000, 0x00000000faa80000, 0x0000000100000000)
  eden space 65536K, 100% used [0x00000000f5580000,0x00000000f9580000,0x00000000f9580000)
  from space 10752K, 0% used [0x00000000fa000000,0x00000000fa000000,0x00000000faa80000)
  to   space 10752K, 0% used [0x00000000f9580000,0x00000000f9580000,0x00000000fa000000)
 ParOldGen       total 175104K, used 0K [0x00000000e0000000, 0x00000000eab00000, 0x00000000f5580000)
  object space 175104K, 0% used [0x00000000e0000000,0x00000000e0000000,0x00000000eab00000)
 Metaspace       used 7524K, capacity 7744K, committed 8064K, reserved 1056768K
  class space    used 947K, capacity 1054K, committed 1152K, reserved 1048576K
Event: 5.776 GC heap after
Heap after GC invocations=1 (full 0):
 PSYoungGen      total 76288K, used 5941K [0x00000000f5580000, 0x00000000faa80000, 0x0000000100000000)
  eden space 65536K, 0% used [0x00000000f5580000,0x00000000f5580000,0x00000000f9580000)
  from space 10752K, 55% used [0x00000000f9580000,0x00000000f9b4d530,0x00000000fa000000)
  to   space 10752K, 0% used [0x00000000fa000000,0x00000000fa000000,0x00000000faa80000)
 ParOldGen       total 175104K, used 8K [0x00000000e0000000, 0x00000000eab00000, 0x00000000f5580000)
  object space 175104K, 0% used [0x00000000e0000000,0x00000000e0002000,0x00000000eab00000)
 Metaspace       used 7524K, capacity 7744K, committed 8064K, reserved 1056768K
  class space    used 947K, capacity 1054K, committed 1152K, reserved 1048576K
}
Event: 10.122 GC heap before
{Heap before GC invocations=2 (full 0):
 PSYoungGen      total 76288K, used 71477K [0x00000000f5580000, 0x00000000faa80000, 0x0000000100000000)
  eden space 65536K, 100% used [0x00000000f5580000,0x00000000f9580000,0x00000000f9580000)
  from space 10752K, 55% used [0x00000000f9580000,0x00000000f9b4d530,0x00000000fa000000)
  to   space 10752K, 0% used [0x00000000fa000000,0x00000000fa000000,0x00000000faa80000)
 ParOldGen       total 175104K, used 8K [0x00000000e0000000, 0x00000000eab00000, 0x00000000f5580000)
  object space 175104K, 0% used [0x00000000e0000000,0x00000000e0002000,0x00000000eab00000)
 Metaspace       used 13261K, capacity 13670K, committed 13824K, reserved 1060864K
  class space    used 1841K, capacity 1993K, committed 2048K, reserved 1048576K
Event: 10.135 GC heap after
Heap after GC invocations=2 (full 0):
 PSYoungGen      total 76288K, used 8784K [0x00000000f5580000, 0x00000000faa80000, 0x0000000100000000)
  eden space 65536K, 0% used [0x00000000f5580000,0x00000000f5580000,0x00000000f9580000)
  from space 10752K, 81% used [0x00000000fa000000,0x00000000fa894038,0x00000000faa80000)
  to   space 10752K, 0% used [0x00000000f9580000,0x00000000f9580000,0x00000000fa000000)
 ParOldGen       total 175104K, used 24K [0x00000000e0000000, 0x00000000eab00000, 0x00000000f5580000)
  object space 175104K, 0% used [0x00000000e0000000,0x00000000e0006000,0x00000000eab00000)
 Metaspace       used 13261K, capacity 13670K, committed 13824K, reserved 1060864K
  class space    used 1841K, capacity 1993K, committed 2048K, reserved 1048576K
}

Deoptimization events (10 events):
Event: 6.466 Thread 0x0000000002b1e000 Uncommon trap: reason=unstable_if action=reinterpret pc=0x0000000002fafc70 method=java.util.Properties.loadConvert([CII[C)Ljava/lang/String; @ 57
Event: 6.466 Thread 0x0000000002b1e000 Uncommon trap: reason=class_check action=maybe_recompile pc=0x0000000002faa4c4 method=java.util.regex.Matcher.match(II)Z @ 86
Event: 6.605 Thread 0x0000000002b1e000 Uncommon trap: reason=unstable_if action=reinterpret pc=0x00000000030266f0 method=java.util.LinkedHashMap.afterNodeInsertion(Z)V @ 1
Event: 6.606 Thread 0x0000000002b1e000 Uncommon trap: reason=unstable_if action=reinterpret pc=0x0000000002e9eef4 method=java.util.HashMap.getNode(ILjava/lang/Object;)Ljava/util/HashMap$Node; @ 129
Event: 6.606 Thread 0x0000000002b1e000 Uncommon trap: reason=bimorphic action=maybe_recompile pc=0x000000000303c67c method=java.util.HashMap.putVal(ILjava/lang/Object;Ljava/lang/Object;ZZ)Ljava/lang/Object; @ 203
Event: 6.627 Thread 0x0000000002b1e000 Uncommon trap: reason=unstable_if action=reinterpret pc=0x0000000002e9377c method=java.util.HashMap.getNode(ILjava/lang/Object;)Ljava/util/HashMap$Node; @ 129
Event: 6.627 Thread 0x0000000002b1e000 Uncommon trap: reason=bimorphic action=maybe_recompile pc=0x000000000303c67c method=java.util.HashMap.putVal(ILjava/lang/Object;Ljava/lang/Object;ZZ)Ljava/lang/Object; @ 203
Event: 7.122 Thread 0x0000000002b1e000 Uncommon trap: reason=unstable_if action=reinterpret pc=0x0000000002f7191c method=java.io.WinNTFileSystem.normalize(Ljava/lang/String;)Ljava/lang/String; @ 128
Event: 10.623 Thread 0x000000001752d000 Uncommon trap: reason=class_check action=maybe_recompile pc=0x0000000002faa4c4 method=java.util.regex.Matcher.match(II)Z @ 86
Event: 10.642 Thread 0x000000001752d000 Uncommon trap: reason=class_check action=maybe_recompile pc=0x0000000002faa4c4 method=java.util.regex.Matcher.match(II)Z @ 86

Classes redefined (0 events):
No events

Internal exceptions (10 events):
Event: 3.804 Thread 0x0000000002b1e000 Exception <a 'java/lang/ArrayIndexOutOfBoundsException'> (0x00000000f6d7d060) thrown at [C:\ade\jenkins\workspace\8-2-build-windows-amd64-cygwin\jdk8u241\331\hotspot\src\share\vm\runtime\sharedRuntime.cpp, line 605]
Event: 3.804 Thread 0x0000000002b1e000 Exception <a 'java/lang/ArrayIndexOutOfBoundsException'> (0x00000000f6d7f390) thrown at [C:\ade\jenkins\workspace\8-2-build-windows-amd64-cygwin\jdk8u241\331\hotspot\src\share\vm\runtime\sharedRuntime.cpp, line 605]
Event: 3.950 Thread 0x0000000002b1e000 Exception <a 'java/lang/ArrayIndexOutOfBoundsException'> (0x00000000f70f6f98) thrown at [C:\ade\jenkins\workspace\8-2-build-windows-amd64-cygwin\jdk8u241\331\hotspot\src\share\vm\runtime\sharedRuntime.cpp, line 605]
Event: 3.950 Thread 0x0000000002b1e000 Exception <a 'java/lang/ArrayIndexOutOfBoundsException'> (0x00000000f70f93e0) thrown at [C:\ade\jenkins\workspace\8-2-build-windows-amd64-cygwin\jdk8u241\331\hotspot\src\share\vm\runtime\sharedRuntime.cpp, line 605]
Event: 3.951 Thread 0x0000000002b1e000 Exception <a 'java/lang/ArrayIndexOutOfBoundsException'> (0x00000000f710c910) thrown at [C:\ade\jenkins\workspace\8-2-build-windows-amd64-cygwin\jdk8u241\331\hotspot\src\share\vm\runtime\sharedRuntime.cpp, line 605]
Event: 3.951 Thread 0x0000000002b1e000 Exception <a 'java/lang/ArrayIndexOutOfBoundsException'> (0x00000000f710e618) thrown at [C:\ade\jenkins\workspace\8-2-build-windows-amd64-cygwin\jdk8u241\331\hotspot\src\share\vm\runtime\sharedRuntime.cpp, line 605]
Event: 3.952 Thread 0x0000000002b1e000 Exception <a 'java/lang/ArrayIndexOutOfBoundsException'> (0x00000000f7124988) thrown at [C:\ade\jenkins\workspace\8-2-build-windows-amd64-cygwin\jdk8u241\331\hotspot\src\share\vm\runtime\sharedRuntime.cpp, line 605]
Event: 6.727 Thread 0x0000000002b1e000 Exception <a 'java/lang/NoSuchMethodError': java.lang.Object.lambda$get$0(Ljava/util/function/Supplier;Ljava/lang/Object;)Ljava/lang/Object;> (0x00000000f7b24638) thrown at [C:\ade\jenkins\workspace\8-2-build-windows-amd64-cygwin\jdk8u241\331\hotspot\src\
Event: 9.348 Thread 0x0000000002b1e000 Exception <a 'java/io/IOException'> (0x00000000f7ed7020) thrown at [C:\ade\jenkins\workspace\8-2-build-windows-amd64-cygwin\jdk8u241\331\hotspot\src\share\vm\prims\jni.cpp, line 710]
Event: 10.284 Thread 0x000000001752d000 Exception <a 'java/lang/NoSuchMethodError': java.lang.Object.lambda$static$0(Lorg/gradle/internal/state/ModelObject;)Ljava/lang/String;> (0x00000000f5a31a88) thrown at [C:\ade\jenkins\workspace\8-2-build-windows-amd64-cygwin\jdk8u241\331\hotspot\src\share

Events (10 events):
Event: 10.761 loading class org/gradle/cache/internal/locklistener/FileLockPacketType
Event: 10.761 loading class org/gradle/cache/internal/locklistener/FileLockPacketType done
Event: 10.762 loading class org/gradle/cache/internal/locklistener/FileLockPacketPayload
Event: 10.762 loading class org/gradle/cache/internal/locklistener/FileLockPacketPayload done
Event: 10.762 loading class java/net/DatagramPacket$1
Event: 10.763 loading class java/net/DatagramPacket$1 done
Event: 10.878 Executing VM operation: RevokeBias
Event: 10.878 Executing VM operation: RevokeBias done
Event: 10.878 Executing VM operation: RevokeBias
Event: 10.879 Executing VM operation: RevokeBias done


Dynamic libraries:
0x00007ff780a70000 - 0x00007ff780aa7000 	C:\Program Files\Java\jdk1.8.0_241\bin\java.exe
0x00007ff82ead0000 - 0x00007ff82ecc5000 	C:\WINDOWS\SYSTEM32\ntdll.dll
0x00007ff82df30000 - 0x00007ff82dfee000 	C:\WINDOWS\System32\KERNEL32.DLL
0x00007ff82c3f0000 - 0x00007ff82c6b8000 	C:\WINDOWS\System32\KERNELBASE.dll
0x00007ff82dff0000 - 0x00007ff82e09e000 	C:\WINDOWS\System32\ADVAPI32.dll
0x00007ff82d240000 - 0x00007ff82d2de000 	C:\WINDOWS\System32\msvcrt.dll
0x00007ff82d120000 - 0x00007ff82d1bc000 	C:\WINDOWS\System32\sechost.dll
0x00007ff82cea0000 - 0x00007ff82cfc5000 	C:\WINDOWS\System32\RPCRT4.dll
0x00007ff82cd00000 - 0x00007ff82cea0000 	C:\WINDOWS\System32\USER32.dll
0x00007ff82ca00000 - 0x00007ff82ca22000 	C:\WINDOWS\System32\win32u.dll
0x00007ff82dcf0000 - 0x00007ff82dd1b000 	C:\WINDOWS\System32\GDI32.dll
0x00007ff82c880000 - 0x00007ff82c98b000 	C:\WINDOWS\System32\gdi32full.dll
0x00007ff82c1f0000 - 0x00007ff82c28d000 	C:\WINDOWS\System32\msvcp_win.dll
0x00007ff82ca30000 - 0x00007ff82cb30000 	C:\WINDOWS\System32\ucrtbase.dll
0x00007ff811e30000 - 0x00007ff8120ca000 	C:\WINDOWS\WinSxS\amd64_microsoft.windows.common-controls_6595b64144ccf1df_6.0.19041.1110_none_60b5254171f9507e\COMCTL32.dll
0x00007ff82cc60000 - 0x00007ff82cc90000 	C:\WINDOWS\System32\IMM32.DLL
0x00000000551a0000 - 0x0000000055272000 	C:\Program Files\Java\jdk1.8.0_241\jre\bin\msvcr100.dll
0x00000000548f0000 - 0x000000005519c000 	C:\Program Files\Java\jdk1.8.0_241\jre\bin\server\jvm.dll
0x00007ff82d220000 - 0x00007ff82d228000 	C:\WINDOWS\System32\PSAPI.DLL
0x00007ff81a020000 - 0x00007ff81a029000 	C:\WINDOWS\SYSTEM32\WSOCK32.dll
0x00007ff82cc90000 - 0x00007ff82ccfb000 	C:\WINDOWS\System32\WS2_32.dll
0x00007ff8189e0000 - 0x00007ff818a07000 	C:\WINDOWS\SYSTEM32\WINMM.dll
0x00007ff822450000 - 0x00007ff82245a000 	C:\WINDOWS\SYSTEM32\VERSION.dll
0x00007ff80f980000 - 0x00007ff80f98f000 	C:\Program Files\Java\jdk1.8.0_241\jre\bin\verify.dll
0x00007ffff4ec0000 - 0x00007ffff4ee9000 	C:\Program Files\Java\jdk1.8.0_241\jre\bin\java.dll
0x00007ffffbc80000 - 0x00007ffffbc96000 	C:\Program Files\Java\jdk1.8.0_241\jre\bin\zip.dll
0x00007ff82d2e0000 - 0x00007ff82da24000 	C:\WINDOWS\System32\SHELL32.dll
0x00007ff82a190000 - 0x00007ff82a924000 	C:\WINDOWS\SYSTEM32\windows.storage.dll
0x00007ff82e5d0000 - 0x00007ff82e924000 	C:\WINDOWS\System32\combase.dll
0x00007ff82bb80000 - 0x00007ff82bbac000 	C:\WINDOWS\SYSTEM32\Wldp.dll
0x00007ff82dd20000 - 0x00007ff82ddcd000 	C:\WINDOWS\System32\SHCORE.dll
0x00007ff82e570000 - 0x00007ff82e5c5000 	C:\WINDOWS\System32\shlwapi.dll
0x00007ff82c130000 - 0x00007ff82c14f000 	C:\WINDOWS\SYSTEM32\profapi.dll
0x00007ffffa400000 - 0x00007ffffa41a000 	C:\Program Files\Java\jdk1.8.0_241\jre\bin\net.dll
0x00007ff82b8e0000 - 0x00007ff82b94a000 	C:\WINDOWS\system32\mswsock.dll
0x00007ffff5000000 - 0x00007ffff5012000 	C:\Program Files\Java\jdk1.8.0_241\jre\bin\nio.dll
0x00007ff809310000 - 0x00007ff809337000 	C:\Users\ASUS\.gradle\native\e1d6ef7f7dcc3fd88c89a11ec53ec762bb8ba0a96d01ffa2cd45eb1d1d8dd5c5\windows-amd64\native-platform.dll
0x00007ffff4d30000 - 0x00007ffff4e74000 	C:\Users\ASUS\.gradle\native\0d407fdbe67a94daf76414ababcb853783967236a71b16ec16e742cd7a986fd3\windows-amd64\native-platform-file-events.dll
0x00007ff809970000 - 0x00007ff80997d000 	C:\Program Files\Java\jdk1.8.0_241\jre\bin\management.dll
0x00007ff82bad0000 - 0x00007ff82bae8000 	C:\WINDOWS\SYSTEM32\CRYPTSP.dll
0x00007ff82b260000 - 0x00007ff82b294000 	C:\WINDOWS\system32\rsaenh.dll
0x00007ff82c6c0000 - 0x00007ff82c6e7000 	C:\WINDOWS\System32\bcrypt.dll
0x00007ff82c0f0000 - 0x00007ff82c11e000 	C:\WINDOWS\SYSTEM32\USERENV.dll
0x00007ff82c7f0000 - 0x00007ff82c872000 	C:\WINDOWS\System32\bcryptprimitives.dll
0x00007ff82baf0000 - 0x00007ff82bafc000 	C:\WINDOWS\SYSTEM32\CRYPTBASE.dll
0x00007ff82b5d0000 - 0x00007ff82b60b000 	C:\WINDOWS\SYSTEM32\IPHLPAPI.DLL
0x00007ff82cc50000 - 0x00007ff82cc58000 	C:\WINDOWS\System32\NSI.dll
0x00007ff823c30000 - 0x00007ff823c47000 	C:\WINDOWS\SYSTEM32\dhcpcsvc6.DLL
0x00007ff824ec0000 - 0x00007ff824edd000 	C:\WINDOWS\SYSTEM32\dhcpcsvc.DLL
0x00007ff82b610000 - 0x00007ff82b6da000 	C:\WINDOWS\SYSTEM32\DNSAPI.dll

VM Arguments:
jvm_args: -XX:MaxMetaspaceSize=256m -XX:+HeapDumpOnOutOfMemoryError -Xms256m -Xmx512m -Dfile.encoding=windows-1252 -Duser.country=US -Duser.language=en -Duser.variant 
java_command: org.gradle.launcher.daemon.bootstrap.GradleDaemon 7.4.1
java_class_path (initial): C:\Users\ASUS\.gradle\wrapper\dists\gradle-7.4.1-all\htb4l60oox3i12rnwfoqoo8d\gradle-7.4.1\lib\gradle-launcher-7.4.1.jar
Launcher Type: SUN_STANDARD

Environment Variables:
PATH=C:\Program Files (x86)\Common Files\Oracle\Java\javapath;C:\Program Files (x86)\Common Files\Intel\Shared Libraries\redist\intel64\compiler;C:\WINDOWS\system32;C:\WINDOWS;C:\WINDOWS\System32\Wbem;C:\WINDOWS\System32\WindowsPowerShell\v1.0\;C:\WINDOWS\System32\OpenSSH\;C:\Program Files\Intel\WiFi\bin\;C:\Program Files\Common Files\Intel\WirelessCommon\;C:\Program Files\Git\cmd;C:\Users\ASUS\AppData\Local\Programs\Python\Python39\Scripts\;C:\Users\ASUS\AppData\Local\Programs\Python\Python39\;C:\Users\ASUS\AppData\Local\Microsoft\WindowsApps;C:\Program Files\Intel\WiFi\bin\;C:\Program Files\Common Files\Intel\WirelessCommon\;C:\Users\ASUS\AppData\Local\Programs\Microsoft VS Code\bin;C:\Users\ASUS\AppData\Local\GitHubDesktop\bin
USERNAME=ASUS
OS=Windows_NT
PROCESSOR_IDENTIFIER=Intel64 Family 6 Model 142 Stepping 9, GenuineIntel



---------------  S Y S T E M  ---------------

OS: Windows 10.0 , 64 bit Build 19041 (10.0.19041.1566)

CPU:total 4 (initial active 4) (2 cores per cpu, 2 threads per core) family 6 model 142 stepping 9, cmov, cx8, fxsr, mmx, sse, sse2, sse3, ssse3, sse4.1, sse4.2, popcnt, avx, avx2, aes, clmul, erms, 3dnowpref, lzcnt, ht, tsc, tscinvbit, bmi1, bmi2, adx

Memory: 4k page, physical 8269176k(909492k free), swap 12463480k(2164k free)

vm_info: Java HotSpot(TM) 64-Bit Server VM (25.241-b07) for windows-amd64 JRE (1.8.0_241-b07), built on Dec 11 2019 10:21:40 by "rejava" with MS VC++ 10.0 (VS2010)

time: Sun May 22 17:02:55 2022
timezone: SE Asia Standard Time
elapsed time: 11 seconds (0d 0h 0m 11s)

